2024/06/12 12:21:00 [32mSORM-LOG: Opening database connection...[0m
2024/06/12 12:21:00 [32mSORM-LOG: Database opened[0m
2024/06/12 12:21:00 [32mSORM-LOG: Activating Foreign Keys[0m
2024/06/12 12:22:22 SORM-LOG: SORM-LOG: Opening database connection...
2024/06/12 12:22:22 SORM-LOG: SORM-LOG: Database opened
2024/06/12 12:22:22 SORM-LOG: SORM-LOG: Activating Foreign Keys
2024/06/12 12:24:09 sorm.LOG: Opening database connection...
2024/06/12 12:24:09 sorm.LOG: Database opened
2024/06/12 12:24:09 sorm.LOG: Activating Foreign Keys
2024/06/12 12:24:09 sorm.SUCCESS: Database opened without error
2024/06/12 12:24:56 sorm.LOG: Opening database connection...
2024/06/12 12:24:56 sorm.LOG: Database opened
2024/06/12 12:24:56 sorm.LOG: Activating Foreign Keys
2024/06/12 12:24:56        sorm.SUCCESS: Database opened without error
2024/06/12 12:25:04 sorm.LOG: Opening database connection...
2024/06/12 12:25:04 sorm.LOG: Database opened
2024/06/12 12:25:04 sorm.LOG: Activating Foreign Keys
2024/06/12 12:25:04 sorm.SUCCESS:        Database opened without error
2024/06/12 12:25:23 sorm.LOG:            Opening database connection...
2024/06/12 12:25:23 sorm.LOG:            Database opened
2024/06/12 12:25:23 sorm.LOG:            Activating Foreign Keys
2024/06/12 12:25:23 sorm.SUCCESS:        Database opened without error
2024/06/12 12:25:48 sorm.LOG:       Opening database connection...
2024/06/12 12:25:48 sorm.LOG:       Database opened
2024/06/12 12:25:48 sorm.LOG:       Activating Foreign Keys
2024/06/12 12:25:48 sorm.SUCCESS:   Database opened without error
